POST /tasks/3 2026-06-09T04:48:50.306Z
GET /tasks 2026-06-09T04:49:06.492Z
POST / 2026-06-09T12:06:57.411Z
POST /signup 2026-06-09T12:07:24.352Z
POST /auth/signup 2026-06-09T12:08:31.416Z
POST /auth/signup 2026-06-09T12:12:01.849Z
POST /auth/signup 2026-06-09T12:13:21.647Z
POST /auth/signup 2026-06-09T12:13:43.630Z
POST /auth/signup 2026-06-09T12:29:51.094Z
POST /auth/login 2026-06-10T09:24:45.243Z
POST /tasks/ 2026-06-10T10:13:41.342Z
POST /tasks/ 2026-06-10T10:14:39.432Z
POST /tasks/ 2026-06-10T10:16:05.516Z
POST /tasks/ 2026-06-10T10:16:17.597Z
POST /tasks/ 2026-06-10T10:21:01.085Z
POST /tasks 2026-06-10T10:21:41.592Z
POST /tasks/ 2026-06-10T10:24:27.905Z
POST /tasks/ 2026-06-10T10:24:43.693Z
POST /tasks/ 2026-06-10T10:24:52.133Z
POST /tasks/ 2026-06-10T10:26:07.837Z
POST /tasks/ 2026-06-10T10:27:43.137Z
POST /tasks/ 2026-06-10T10:35:25.874Z
POST /tasks/ 2026-06-10T10:36:32.272Z
POST /tasks/ 2026-06-10T10:37:10.386Z
POST /tasks/ 2026-06-10T10:41:41.366Z
POST /tasks/ 2026-06-10T10:42:32.141Z
POST /tasks/ 2026-06-10T10:42:52.703Z
POST /tasks/ 2026-06-10T10:45:17.515Z
POST /tasks/ 2026-06-10T10:45:44.472Z
POST /tasks/ 2026-06-10T10:49:59.927Z
POST /tasks/ 2026-06-10T10:50:20.074Z
POST /tasks/ 2026-06-10T10:50:47.917Z
GET /tasks/ 2026-06-10T11:07:14.543Z
GET /tasks/ 2026-06-10T11:09:50.264Z
GET /tasks/ 2026-06-10T11:10:21.416Z
GET /tasks/ 2026-06-10T11:11:46.391Z
GET /tasks/ 2026-06-10T11:12:43.376Z
GET /tasks/ 2026-06-10T11:13:56.332Z
GET /tasks/ 2026-06-10T11:15:13.339Z
GET /tasks/ 2026-06-10T11:17:14.819Z
POST /tasks/ 2026-06-10T11:18:01.068Z
GET /tasks/ 2026-06-10T11:18:08.120Z
GET /tasks/ 2026-06-10T11:21:18.636Z
POST /tasks/ 2026-06-10T11:22:20.117Z
GET /tasks/ 2026-06-10T11:22:33.771Z
OPTIONS /auth/login 2026-06-11T12:21:36.390Z
POST /auth/login 2026-06-11T12:32:45.733Z
POST /auth/login_signup 2026-06-11T12:37:04.928Z
POST /auth/login_signup 2026-06-11T12:42:40.988Z
POST /auth/login_signup 2026-06-11T12:43:26.101Z
POST /auth/login_signup 2026-06-11T12:43:34.570Z
POST /auth/login_signup 2026-06-11T12:43:45.888Z
POST /auth/login_signup 2026-06-11T12:43:52.638Z
POST /auth/login_signup 2026-06-11T12:49:57.925Z
POST /auth/login_signup 2026-06-11T12:52:32.244Z
POST /auth/login_signup 2026-06-12T09:57:35.470Z
POST /auth/login_signup 2026-06-12T10:00:00.251Z
POST /auth/login_signup 2026-06-12T10:00:10.573Z
POST /auth/login_signup 2026-06-12T10:00:21.878Z
POST /auth/login_signup 2026-06-12T10:00:45.179Z
POST /auth/login_signup 2026-06-12T10:01:36.777Z
POST /auth/login_signup 2026-06-12T10:02:51.154Z
POST /auth/login_signup 2026-06-12T10:04:20.545Z
POST /auth/login_signup 2026-06-12T10:06:03.302Z
POST /auth/login_signup 2026-06-12T10:07:26.571Z
POST /auth/login_signup 2026-06-12T10:09:59.609Z
POST /auth/login_signup 2026-06-12T10:12:31.967Z
POST /auth/login_signup 2026-06-12T10:13:05.591Z
POST /auth/login_signup 2026-06-12T10:15:11.254Z
POST /auth/login_signup 2026-06-12T10:28:48.138Z
POST /auth/login_signup 2026-06-12T10:29:33.176Z
POST /auth/login_signup 2026-06-12T10:38:08.676Z
POST /auth/login_signup 2026-06-12T10:38:24.144Z
POST /auth/login_signup 2026-06-12T10:38:35.173Z
POST /auth/login_signup 2026-06-12T10:41:49.480Z
POST /auth/login_signup 2026-06-12T10:46:43.862Z
POST /auth/login_signup 2026-06-12T10:50:02.211Z
POST /auth/login_signup 2026-06-13T09:02:29.050Z
POST /auth/login_signup 2026-06-13T09:03:36.466Z
POST /auth/login_signup 2026-06-13T09:04:09.548Z
POST /auth/login_signup 2026-06-13T09:53:27.241Z
POST /auth/login_signup 2026-06-13T10:08:22.049Z
POST /auth/login_signup 2026-06-13T10:11:32.101Z
POST /auth/login_signup 2026-06-13T10:13:32.991Z
GET /auth/verify_user 2026-06-13T11:29:13.431Z
GET /auth/verify_user 2026-06-13T11:29:33.430Z
GET /auth/verify_user 2026-06-13T11:29:45.293Z
GET /auth/verify_user 2026-06-13T11:30:05.293Z
GET /auth/verify_user 2026-06-13T11:30:11.329Z
GET /auth/verify_user 2026-06-13T11:30:31.330Z
GET /auth/verify_user 2026-06-13T11:30:39.996Z
GET /auth/verify_user 2026-06-13T11:30:59.997Z
GET /auth/verify_user 2026-06-13T11:33:27.258Z
GET /auth/verify_user 2026-06-13T11:37:22.314Z
GET /auth/verify_user 2026-06-13T11:37:42.334Z
GET /auth/verify_user 2026-06-13T11:38:32.004Z
GET /auth/verify_user 2026-06-13T11:40:03.264Z
GET /auth/verify_user 2026-06-13T11:40:23.262Z
GET /auth/verify_user 2026-06-13T11:40:54.811Z
GET /auth/verify_user 2026-06-13T11:41:04.979Z
GET /auth/verify_user 2026-06-13T11:41:24.976Z
GET /auth/verify_user 2026-06-13T11:41:56.994Z
GET /auth/verify_user 2026-06-13T11:41:57.000Z
GET /auth/verify_user 2026-06-13T11:48:12.745Z
GET /auth/verify_user 2026-06-13T11:48:12.753Z
GET /auth/verify_user 2026-06-13T11:48:18.143Z
GET /auth/verify_user 2026-06-13T11:48:18.149Z
GET /auth/verify_user 2026-06-13T11:48:25.025Z
GET /auth/verify_user 2026-06-13T11:48:25.027Z
GET /auth/verify_user 2026-06-13T11:49:07.555Z
GET /auth/verify_user 2026-06-13T11:49:07.557Z
GET /auth/verify_user 2026-06-13T11:52:39.904Z
GET /auth/verify_user 2026-06-13T11:52:39.905Z
GET /auth/verify_user 2026-06-13T11:55:41.020Z
GET /auth/verify_user 2026-06-13T11:55:41.022Z
GET /auth/verify_user 2026-06-13T11:56:13.053Z
GET /auth/verify_user 2026-06-13T11:56:13.055Z
GET /auth/verify_user 2026-06-13T11:57:58.707Z
GET /auth/verify_user 2026-06-13T11:57:58.709Z
GET /auth/verify_user 2026-06-13T11:59:48.294Z
GET /auth/verify_user 2026-06-13T11:59:50.662Z
GET /auth/verify_user 2026-06-13T11:59:50.663Z
POST /auth/login_signup 2026-06-13T11:59:59.767Z
GET /auth/verify_user 2026-06-13T12:00:08.512Z
GET /auth/verify_user 2026-06-13T12:00:08.514Z
GET /auth/verify_user 2026-06-13T12:00:55.668Z
GET /auth/verify_user 2026-06-13T12:00:55.673Z
GET /auth/verify_user 2026-06-13T12:01:13.727Z
GET /auth/verify_user 2026-06-13T12:01:13.730Z
GET /auth/verify_user 2026-06-13T12:01:27.494Z
GET /auth/verify_user 2026-06-13T12:01:27.496Z
POST /auth/login_signup 2026-06-13T12:02:46.283Z
GET /auth/verify_user 2026-06-13T12:02:51.302Z
GET /auth/verify_user 2026-06-13T12:02:51.305Z
GET /auth/verify_user 2026-06-13T12:04:06.873Z
GET /auth/verify_user 2026-06-13T12:04:28.753Z
GET /auth/verify_user 2026-06-13T12:04:28.756Z
GET /auth/verify_user 2026-06-13T12:11:11.845Z
GET /auth/verify_user 2026-06-13T12:11:11.867Z
GET /auth/verify_user 2026-06-13T12:11:42.816Z
GET /auth/verify_user 2026-06-13T12:11:42.819Z
POST /auth/login_signup 2026-06-13T12:11:52.530Z
GET /auth/verify_user 2026-06-13T12:12:11.071Z
GET /auth/verify_user 2026-06-13T12:12:11.086Z
GET /auth/verify_user 2026-06-13T12:12:19.021Z
GET /auth/verify_user 2026-06-13T12:12:19.025Z
POST /auth/login_signup 2026-06-13T12:12:29.847Z
GET /auth/verify_user 2026-06-13T12:13:02.971Z
GET /auth/verify_user 2026-06-13T12:13:02.984Z
GET /auth/verify_user 2026-06-13T12:14:56.760Z
GET /auth/verify_user 2026-06-13T12:14:56.763Z
GET /auth/verify_user 2026-06-13T12:19:11.370Z
GET /auth/verify_user 2026-06-13T12:19:11.379Z
GET /auth/verify_user 2026-06-13T12:27:22.741Z
GET /auth/verify_user 2026-06-13T12:27:22.745Z
GET /auth/verify_user 2026-06-13T12:27:38.361Z
GET /auth/verify_user 2026-06-13T12:27:38.373Z
POST /auth/login_signup 2026-06-13T12:27:47.387Z
GET /auth/verify_user 2026-06-13T12:28:26.912Z
GET /auth/verify_user 2026-06-13T12:28:26.915Z
GET /auth/verify_user 2026-06-13T12:28:33.472Z
GET /auth/verify_user 2026-06-13T12:28:33.474Z
GET /auth/verify_user 2026-06-14T11:39:47.193Z
GET /auth/verify_user 2026-06-14T11:39:47.200Z
GET /auth/verify_user 2026-06-15T05:26:22.812Z
GET /auth/verify_user 2026-06-15T05:26:22.836Z
GET /auth/verify_user 2026-06-15T05:26:25.711Z
GET /auth/verify_user 2026-06-15T05:26:25.713Z
GET /auth/verify_user 2026-06-15T05:26:27.721Z
GET /auth/verify_user 2026-06-15T05:26:27.723Z
GET /auth/verify_user 2026-06-15T05:28:14.577Z
GET /auth/verify_user 2026-06-15T05:28:14.580Z
GET /auth/verify_user 2026-06-15T05:28:21.315Z
GET /auth/verify_user 2026-06-15T05:28:21.317Z
GET /auth/verify_user 2026-06-15T05:28:26.358Z
GET /auth/verify_user 2026-06-15T05:28:26.361Z
GET /auth/verify_user 2026-06-15T05:29:09.963Z
GET /auth/verify_user 2026-06-15T05:29:09.964Z
GET /auth/verify_user 2026-06-15T05:29:11.455Z
GET /auth/verify_user 2026-06-15T05:29:11.458Z
GET /auth/verify_user 2026-06-15T05:29:30.146Z
GET /auth/verify_user 2026-06-15T05:29:30.147Z
GET /auth/verify_user 2026-06-15T05:33:05.936Z
GET /auth/verify_user 2026-06-15T05:33:05.938Z
GET /auth/verify_user 2026-06-15T05:33:20.327Z
GET /auth/verify_user 2026-06-15T05:33:20.330Z
GET /auth/verify_user 2026-06-15T05:33:22.174Z
GET /auth/verify_user 2026-06-15T05:33:22.176Z
GET /auth/verify_user 2026-06-15T05:33:24.239Z
GET /auth/verify_user 2026-06-15T05:33:24.241Z
GET /auth/verify_user 2026-06-15T05:33:37.824Z
GET /auth/verify_user 2026-06-15T05:33:37.826Z
GET /auth/verify_user 2026-06-15T05:33:43.103Z
GET /auth/verify_user 2026-06-15T05:33:43.104Z
GET /auth/verify_user 2026-06-15T05:34:15.637Z
GET /auth/verify_user 2026-06-15T05:34:15.639Z
GET /auth/verify_user 2026-06-15T05:34:17.862Z
GET /auth/verify_user 2026-06-15T05:34:17.863Z
GET /auth/verify_user 2026-06-15T05:34:46.412Z
GET /auth/verify_user 2026-06-15T05:34:46.413Z
GET /auth/verify_user 2026-06-15T05:34:48.276Z
GET /auth/verify_user 2026-06-15T05:34:48.278Z
GET /auth/verify_user 2026-06-15T05:35:30.354Z
GET /auth/verify_user 2026-06-15T05:35:30.356Z
GET /auth/verify_user 2026-06-15T05:35:32.753Z
GET /auth/verify_user 2026-06-15T05:35:32.755Z
GET /auth/verify_user 2026-06-15T05:36:30.044Z
GET /auth/verify_user 2026-06-15T05:36:30.046Z
GET /auth/verify_user 2026-06-15T05:36:31.535Z
GET /auth/verify_user 2026-06-15T05:36:31.533Z
GET /auth/verify_user 2026-06-15T05:50:03.056Z
GET /auth/verify_user 2026-06-15T05:50:03.058Z
GET /auth/verify_user 2026-06-15T05:50:40.986Z
GET /auth/verify_user 2026-06-15T05:50:40.988Z
GET /auth/verify_user 2026-06-15T05:50:44.826Z
GET /auth/verify_user 2026-06-15T05:50:44.828Z
GET /auth/verify_user 2026-06-15T05:52:28.056Z
GET /auth/verify_user 2026-06-15T05:52:28.058Z
GET /auth/verify_user 2026-06-15T05:52:59.055Z
GET /auth/verify_user 2026-06-15T05:52:59.057Z
GET /auth/verify_user 2026-06-15T05:53:08.107Z
GET /auth/verify_user 2026-06-15T05:53:08.106Z
GET /auth/verify_user 2026-06-15T06:16:37.647Z
GET /auth/verify_user 2026-06-15T06:16:37.650Z
POST /tasks/add_task 2026-06-15T06:17:16.003Z
POST /tasks/ 2026-06-15T06:18:12.225Z
POST /tasks/ 2026-06-15T06:20:01.406Z
POST /tasks/ 2026-06-15T06:20:42.890Z
POST /tasks/ 2026-06-15T06:21:10.328Z
POST /tasks/ 2026-06-15T06:21:44.940Z
POST /tasks/ 2026-06-15T06:22:54.598Z
GET /auth/verify_user 2026-06-15T06:23:07.290Z
GET /auth/verify_user 2026-06-15T06:23:07.295Z
POST /auth/login_signup 2026-06-15T06:23:24.055Z
POST /tasks/ 2026-06-15T06:24:01.144Z
POST /tasks/ 2026-06-15T06:24:49.159Z
GET /auth/verify_user 2026-06-15T06:29:26.171Z
GET /auth/verify_user 2026-06-15T06:29:26.176Z
GET /auth/verify_user 2026-06-15T06:29:54.152Z
GET /auth/verify_user 2026-06-15T06:29:54.154Z
GET /tasks/ 2026-06-15T06:37:48.094Z
GET /tasks/ 2026-06-15T06:40:32.094Z
GET /tasks/ 2026-06-15T06:41:10.102Z
GET /tasks/ 2026-06-15T06:41:22.089Z
GET /auth/verify_user 2026-06-15T06:41:35.089Z
GET /auth/verify_user 2026-06-15T06:41:35.091Z
GET /tasks/ 2026-06-15T06:41:35.099Z
GET /tasks/ 2026-06-15T06:41:35.101Z
GET /auth/verify_user 2026-06-15T06:41:40.075Z
GET /auth/verify_user 2026-06-15T06:41:40.077Z
GET /tasks/ 2026-06-15T06:41:40.093Z
GET /tasks/ 2026-06-15T06:41:40.095Z
GET /auth/verify_user 2026-06-15T06:42:27.955Z
GET /auth/verify_user 2026-06-15T06:42:27.956Z
GET /tasks/ 2026-06-15T06:42:27.963Z
GET /tasks/ 2026-06-15T06:42:27.964Z
GET /auth/verify_user 2026-06-15T06:42:40.067Z
GET /auth/verify_user 2026-06-15T06:42:40.069Z
GET /tasks/ 2026-06-15T06:42:40.076Z
GET /tasks/ 2026-06-15T06:42:40.075Z
GET /auth/verify_user 2026-06-15T06:42:44.270Z
GET /auth/verify_user 2026-06-15T06:42:44.271Z
GET /tasks/ 2026-06-15T06:42:44.287Z
GET /tasks/ 2026-06-15T06:42:44.288Z
GET /auth/verify_user 2026-06-15T06:42:57.371Z
GET /auth/verify_user 2026-06-15T06:42:57.373Z
GET /tasks/ 2026-06-15T06:42:57.381Z
GET /tasks/ 2026-06-15T06:42:57.382Z
GET /auth/verify_user 2026-06-15T06:43:42.999Z
GET /auth/verify_user 2026-06-15T06:43:43.001Z
GET /tasks/ 2026-06-15T06:43:43.008Z
GET /tasks/ 2026-06-15T06:43:43.010Z
POST /tasks/ 2026-06-15T06:50:36.472Z
GET /auth/verify_user 2026-06-15T06:56:52.852Z
GET /auth/verify_user 2026-06-15T06:56:52.855Z
GET /tasks/ 2026-06-15T06:56:52.867Z
GET /tasks/ 2026-06-15T06:56:52.869Z
POST /tasks/ 2026-06-15T06:57:03.113Z
GET /auth/verify_user 2026-06-15T07:01:40.385Z
GET /auth/verify_user 2026-06-15T07:01:40.390Z
GET /tasks/ 2026-06-15T07:01:40.400Z
GET /tasks/ 2026-06-15T07:01:40.410Z
POST /tasks/ 2026-06-15T07:01:50.148Z
GET /auth/verify_user 2026-06-15T07:02:06.827Z
GET /auth/verify_user 2026-06-15T07:02:06.829Z
GET /tasks/ 2026-06-15T07:02:06.843Z
GET /tasks/ 2026-06-15T07:02:06.852Z
GET /auth/verify_user 2026-06-15T07:02:13.625Z
GET /auth/verify_user 2026-06-15T07:02:13.627Z
POST /auth/login_signup 2026-06-15T07:02:24.144Z
GET /tasks/ 2026-06-15T07:02:24.508Z
GET /tasks/ 2026-06-15T07:02:24.509Z
GET /auth/verify_user 2026-06-15T11:24:10.940Z
GET /auth/verify_user 2026-06-15T11:24:10.930Z
GET /tasks/ 2026-06-15T11:24:10.951Z
GET /tasks/ 2026-06-15T11:24:10.952Z
POST /api/auth/logout 2026-06-15T11:25:04.274Z
GET /auth/verify_user 2026-06-15T11:25:21.928Z
GET /auth/verify_user 2026-06-15T11:25:21.931Z
POST /auth/login_signup 2026-06-15T11:26:05.353Z
GET /tasks/ 2026-06-15T11:26:05.671Z
GET /tasks/ 2026-06-15T11:26:05.677Z
POST /api/auth/logout 2026-06-15T11:26:10.876Z
GET /api/auth/logout 2026-06-15T11:27:16.976Z
GET /api/auth/logout 2026-06-15T11:28:27.462Z
GET /auth/logout 2026-06-15T11:29:49.555Z
GET /auth/verify_user 2026-06-15T11:30:16.098Z
GET /auth/verify_user 2026-06-15T11:30:16.108Z
GET /tasks/ 2026-06-15T11:30:16.118Z
GET /tasks/ 2026-06-15T11:30:16.124Z
GET /auth/logout 2026-06-15T11:32:24.646Z
GET /auth/logout 2026-06-15T11:32:27.534Z
GET /auth/logout 2026-06-15T11:32:32.687Z
GET /auth/logout 2026-06-15T11:35:02.544Z
GET /auth/logout 2026-06-15T11:35:27.837Z
GET /auth/verify_user 2026-06-15T11:42:26.847Z
GET /auth/verify_user 2026-06-15T11:42:26.852Z
POST /auth/login_signup 2026-06-15T11:42:37.943Z
GET /tasks/ 2026-06-15T11:42:38.277Z
GET /tasks/ 2026-06-15T11:42:38.280Z
GET /auth/logout 2026-06-15T11:42:42.384Z
POST /auth/login_signup 2026-06-15T11:43:37.701Z
GET /tasks/ 2026-06-15T11:43:38.037Z
GET /tasks/ 2026-06-15T11:43:38.039Z
GET /auth/logout 2026-06-15T11:45:23.454Z
POST /auth/login_signup 2026-06-15T11:45:37.976Z
GET /tasks/ 2026-06-15T11:45:38.312Z
GET /tasks/ 2026-06-15T11:45:38.313Z
GET /auth/verify_user 2026-06-15T11:47:20.024Z
GET /tasks/ 2026-06-15T11:47:20.029Z
GET /tasks/ 2026-06-15T11:47:20.029Z
GET /auth/verify_user 2026-06-15T11:53:01.817Z
GET /auth/verify_user 2026-06-15T11:53:01.820Z
POST /auth/login_signup 2026-06-15T11:53:39.064Z
GET /tasks/ 2026-06-15T11:53:39.404Z
GET /tasks/ 2026-06-15T11:53:39.405Z
GET /auth/logout 2026-06-15T11:54:58.272Z
POST /auth/login_signup 2026-06-15T11:55:37.260Z
POST /auth/login_signup 2026-06-15T11:55:39.052Z
GET /auth/verify_user 2026-06-15T12:03:17.973Z
GET /tasks/ 2026-06-15T12:03:17.983Z
GET /tasks/ 2026-06-15T12:03:17.986Z
GET /auth/verify_user 2026-06-15T12:11:33.012Z
GET /auth/verify_user 2026-06-15T12:11:33.014Z
GET /tasks/ 2026-06-15T12:11:33.019Z
GET /tasks/ 2026-06-15T12:11:33.020Z
GET /auth/verify_user 2026-06-16T07:13:29.721Z
GET /auth/verify_user 2026-06-16T07:13:29.724Z
POST /auth/login_signup 2026-06-16T07:14:05.713Z
GET /tasks/ 2026-06-16T07:14:06.335Z
GET /tasks/ 2026-06-16T07:14:06.339Z
POST /tasks/ 2026-06-16T07:14:21.495Z
GET /auth/logout 2026-06-16T07:14:47.611Z
GET /auth/verify_user 2026-06-16T07:14:50.859Z
GET /auth/verify_user 2026-06-16T07:14:50.862Z
POST /auth/login_signup 2026-06-16T07:14:59.276Z
GET /tasks/ 2026-06-16T07:14:59.623Z
GET /tasks/ 2026-06-16T07:14:59.624Z
GET /tasks/ 2026-06-16T07:18:35.080Z
GET /auth/verify_user 2026-06-16T07:19:14.586Z
GET /auth/verify_user 2026-06-16T07:19:14.589Z
GET /tasks/ 2026-06-16T07:19:14.601Z
GET /tasks/ 2026-06-16T07:19:14.602Z
GET /auth/logout 2026-06-16T07:19:16.878Z
POST /auth/login_signup 2026-06-16T07:19:26.663Z
GET /tasks/ 2026-06-16T07:19:27.279Z
GET /tasks/ 2026-06-16T07:19:27.280Z
GET /auth/logout 2026-06-16T07:19:31.491Z
GET /auth/verify_user 2026-06-16T07:20:21.468Z
GET /auth/verify_user 2026-06-16T07:20:21.471Z
POST /auth/login_signup 2026-06-16T07:20:30.180Z
GET /tasks/ 2026-06-16T07:20:30.527Z
GET /tasks/ 2026-06-16T07:20:30.529Z
GET /auth/logout 2026-06-16T07:20:39.095Z
POST /auth/login_signup 2026-06-16T07:20:48.292Z
GET /tasks/ 2026-06-16T07:20:48.630Z
GET /tasks/ 2026-06-16T07:20:48.644Z
POST /tasks/ 2026-06-16T07:20:57.462Z
GET /auth/verify_user 2026-06-16T07:21:07.310Z
GET /auth/verify_user 2026-06-16T07:21:07.313Z
GET /tasks/ 2026-06-16T07:21:07.325Z
GET /tasks/ 2026-06-16T07:21:07.326Z
GET /auth/verify_user 2026-06-16T07:21:18.192Z
GET /auth/verify_user 2026-06-16T07:21:18.200Z
GET /tasks/ 2026-06-16T07:21:18.213Z
GET /tasks/ 2026-06-16T07:21:18.216Z
GET /auth/logout 2026-06-16T07:21:21.878Z
POST /auth/login_signup 2026-06-16T07:21:29.216Z
GET /tasks/ 2026-06-16T07:21:29.555Z
GET /tasks/ 2026-06-16T07:21:29.557Z
GET /auth/verify_user 2026-06-16T07:23:34.136Z
GET /auth/verify_user 2026-06-16T07:23:34.137Z
POST /auth/login_signup 2026-06-16T07:24:05.187Z
GET /tasks/ 2026-06-16T07:24:05.534Z
GET /tasks/ 2026-06-16T07:24:05.535Z
GET /auth/verify_user 2026-06-16T07:24:50.243Z
GET /auth/verify_user 2026-06-16T07:24:50.245Z
GET /tasks/ 2026-06-16T07:24:50.255Z
GET /tasks/ 2026-06-16T07:24:50.258Z

GET /auth/verify_user 2026-06-16T07:37:18.967Z
GET /auth/verify_user 2026-06-16T07:37:18.972Z
GET /tasks/ 2026-06-16T07:37:18.980Z
GET /tasks/ 2026-06-16T07:37:18.981Z
GET /auth/verify_user 2026-06-16T07:37:23.766Z
GET /auth/verify_user 2026-06-16T07:37:23.767Z
GET /tasks/ 2026-06-16T07:37:23.796Z
GET /tasks/ 2026-06-16T07:37:23.797Z
GET /auth/verify_user 2026-06-16T07:37:59.951Z
GET /auth/verify_user 2026-06-16T07:37:59.953Z
GET /tasks/ 2026-06-16T07:37:59.970Z
GET /tasks/ 2026-06-16T07:37:59.973Z
GET /auth/logout 2026-06-16T07:38:00.934Z
GET /auth/verify_user 2026-06-16T07:38:02.401Z
GET /auth/verify_user 2026-06-16T07:38:02.403Z
POST /auth/login_signup 2026-06-16T07:38:11.147Z
GET /tasks/ 2026-06-16T07:38:11.495Z
GET /tasks/ 2026-06-16T07:38:11.496Z
GET /auth/logout 2026-06-16T07:38:23.611Z
GET /auth/verify_user 2026-06-16T07:38:28.932Z
GET /auth/verify_user 2026-06-16T07:38:28.933Z
POST /auth/login_signup 2026-06-16T07:38:39.459Z
GET /tasks/ 2026-06-16T07:38:39.806Z
GET /tasks/ 2026-06-16T07:38:39.806Z
GET /auth/verify_user 2026-06-16T07:39:10.743Z
GET /auth/verify_user 2026-06-16T07:39:10.745Z
GET /tasks/ 2026-06-16T07:39:10.758Z
GET /tasks/ 2026-06-16T07:39:10.760Z
GET /auth/verify_user 2026-06-16T07:39:41.902Z
GET /auth/verify_user 2026-06-16T07:39:41.903Z
GET /tasks/ 2026-06-16T07:39:41.926Z
GET /tasks/ 2026-06-16T07:39:41.928Z
GET /auth/logout 2026-06-16T07:40:29.790Z
POST /auth/login_signup 2026-06-16T07:40:44.400Z
GET /tasks/ 2026-06-16T07:40:44.742Z
GET /tasks/ 2026-06-16T07:40:44.743Z
GET /auth/logout 2026-06-16T07:40:50.295Z
POST /auth/login_signup 2026-06-16T07:40:59.883Z
GET /tasks/ 2026-06-16T07:41:00.215Z
GET /tasks/ 2026-06-16T07:41:00.217Z
GET /auth/logout 2026-06-16T07:41:05.305Z
GET /auth/logout 2026-06-16T07:41:08.088Z
POST /auth/login_signup 2026-06-16T07:41:24.382Z
GET /tasks/ 2026-06-16T07:41:24.718Z
GET /tasks/ 2026-06-16T07:41:24.719Z
POST /tasks/ 2026-06-16T07:41:33.115Z
GET /auth/logout 2026-06-16T07:41:34.704Z
GET /auth/verify_user 2026-06-16T07:41:38.407Z
GET /auth/verify_user 2026-06-16T07:41:38.408Z
POST /auth/login_signup 2026-06-16T07:41:47.412Z
GET /tasks/ 2026-06-16T07:41:47.756Z
GET /tasks/ 2026-06-16T07:41:47.757Z
GET /auth/logout 2026-06-16T07:42:07.603Z
GET /auth/verify_user 2026-06-16T07:42:18.737Z
GET /auth/verify_user 2026-06-16T07:42:18.738Z
POST /auth/login_signup 2026-06-16T07:42:31.170Z
GET /tasks/ 2026-06-16T07:42:31.486Z
GET /tasks/ 2026-06-16T07:42:31.486Z
GET /auth/verify_user 2026-06-16T07:42:48.605Z
GET /auth/verify_user 2026-06-16T07:42:48.606Z
POST /auth/login_signup 2026-06-16T07:43:04.194Z
GET /tasks/ 2026-06-16T07:43:04.536Z
GET /tasks/ 2026-06-16T07:43:04.538Z
GET /auth/logout 2026-06-16T07:43:10.414Z
POST /auth/login_signup 2026-06-16T07:43:17.393Z
GET /tasks/ 2026-06-16T07:43:17.735Z
GET /tasks/ 2026-06-16T07:43:17.735Z
GET /auth/verify_user 2026-06-16T07:49:55.454Z
GET /auth/verify_user 2026-06-16T07:49:55.457Z
GET /tasks/ 2026-06-16T07:49:55.482Z
GET /tasks/ 2026-06-16T07:49:55.483Z
GET /auth/logout 2026-06-16T07:49:56.653Z
POST /auth/login_signup 2026-06-16T07:50:05.251Z
POST /auth/login_signup 2026-06-16T07:51:00.272Z
GET /tasks/ 2026-06-16T07:51:00.600Z
GET /tasks/ 2026-06-16T07:51:00.604Z
GET /auth/verify_user 2026-06-16T07:51:06.604Z
GET /auth/verify_user 2026-06-16T07:51:06.606Z
GET /tasks/ 2026-06-16T07:51:06.622Z
GET /tasks/ 2026-06-16T07:51:06.624Z
GET /auth/verify_user 2026-06-16T07:51:13.348Z
GET /auth/verify_user 2026-06-16T07:51:13.350Z
GET /tasks/ 2026-06-16T07:51:13.382Z
GET /tasks/ 2026-06-16T07:51:13.384Z
GET /auth/verify_user 2026-06-16T07:51:15.086Z
GET /auth/verify_user 2026-06-16T07:51:15.088Z
GET /tasks/ 2026-06-16T07:51:15.102Z
GET /tasks/ 2026-06-16T07:51:15.104Z
GET /auth/verify_user 2026-06-16T07:51:16.018Z
GET /auth/verify_user 2026-06-16T07:51:16.020Z
GET /tasks/ 2026-06-16T07:51:16.026Z
GET /tasks/ 2026-06-16T07:51:16.029Z
GET /auth/verify_user 2026-06-16T07:51:16.708Z
GET /auth/verify_user 2026-06-16T07:51:16.709Z
GET /tasks/ 2026-06-16T07:51:16.716Z
GET /tasks/ 2026-06-16T07:51:16.719Z
GET /auth/verify_user 2026-06-16T07:58:24.060Z
GET /auth/verify_user 2026-06-16T07:58:24.065Z
GET /tasks/ 2026-06-16T07:58:24.077Z
GET /tasks/ 2026-06-16T07:58:24.078Z
GET /auth/verify_user 2026-06-16T08:01:59.963Z
GET /tasks/ 2026-06-16T08:01:59.972Z
GET /tasks/ 2026-06-16T08:01:59.973Z
GET /auth/verify_user 2026-06-16T08:04:07.079Z
GET /auth/verify_user 2026-06-16T08:04:07.081Z
GET /tasks/ 2026-06-16T08:04:07.086Z
GET /tasks/ 2026-06-16T08:04:07.088Z
GET /auth/verify_user 2026-06-16T08:06:25.577Z
GET /auth/verify_user 2026-06-16T08:06:25.580Z
GET /tasks/ 2026-06-16T08:06:25.593Z
GET /tasks/ 2026-06-16T08:06:25.594Z
